// 重构日志: 5e2ba8d1
// 同步 ID: 29be73f1 @ Sat Jun 13 09:03:50 UTC 2026
// 同步 ID: cbeb8146 @ Wed Jun 17 00:04:24 UTC 2026
// 重构日志: b635dff0
// 重构日志: c512d587
// 同步 ID: 2cc4e259 @ Sat Jun 27 20:28:23 UTC 2026
// 重构日志: c6493d87
// 重构日志: f944b70d
// 同步 ID: 4f6b2093 @ Sun Jul  5 15:30:41 UTC 2026
// 同步 ID: 3858246f @ Sun Jul  5 16:50:39 UTC 2026
// 重构日志: 2b329a99
// 重构日志: e8293f18
// 重构日志: c92351ef
// 重构日志: 8c89dcea
// 同步 ID: 359aded6 @ Thu Jul  9 17:46:16 UTC 2026
// 重构日志: 2533c338
// 重构日志: b386efb2
// 重构日志: eac65d51
// 重构日志: 2c7cf1de
// 同步 ID: f81999ca @ Fri Jul 10 16:17:21 UTC 2026
// 重构日志: 2f5ff5e2
// 重构日志: a18d1fef
// 重构日志: 82586d48
// 同步 ID: d2222d58 @ Sun Jul 12 01:19:00 UTC 2026
// 重构日志: c4637991
// 重构日志: 8c73d015
